<?xml version="1.0" encoding="UTF-8"?>
<testng-results ignored="0" total="3" passed="3" failed="0" skipped="0">
  <reporter-output>
  </reporter-output>
  <suite started-at="2021-08-12T11:02:58 EDT" name="Default suite" finished-at="2021-08-12T11:03:09 EDT" duration-ms="10714">
    <groups>
    </groups>
    <test started-at="2021-08-12T11:02:58 EDT" name="Default test" finished-at="2021-08-12T11:03:09 EDT" duration-ms="10714">
      <class name="testcases.TestLogIn">
        <test-method is-config="true" signature="beforelogin()[pri:0, instance:testcases.TestLogIn@6bd61f98]" started-at="2021-08-12T11:02:58 EDT" name="beforelogin" finished-at="2021-08-12T11:03:01 EDT" duration-ms="3312" status="PASS">
          <reporter-output>
          </reporter-output>
        </test-method> <!-- beforelogin -->
        <test-method signature="signin()[pri:0, instance:testcases.TestLogIn@6bd61f98]" started-at="2021-08-12T11:03:01 EDT" name="signin" finished-at="2021-08-12T11:03:02 EDT" duration-ms="310" status="PASS">
          <reporter-output>
          </reporter-output>
        </test-method> <!-- signin -->
        <test-method signature="logIn()[pri:1, instance:testcases.TestLogIn@6bd61f98]" started-at="2021-08-12T11:03:02 EDT" name="logIn" finished-at="2021-08-12T11:03:02 EDT" duration-ms="634" status="PASS">
          <reporter-output>
          </reporter-output>
        </test-method> <!-- logIn -->
        <test-method signature="addPayee()[pri:2, instance:testcases.TestLogIn@6bd61f98]" started-at="2021-08-12T11:03:02 EDT" name="addPayee" finished-at="2021-08-12T11:03:05 EDT" duration-ms="2268" status="PASS">
          <reporter-output>
          </reporter-output>
        </test-method> <!-- addPayee -->
        <test-method is-config="true" signature="close()[pri:0, instance:testcases.TestLogIn@6bd61f98]" started-at="2021-08-12T11:03:05 EDT" name="close" finished-at="2021-08-12T11:03:09 EDT" duration-ms="4164" status="PASS">
          <reporter-output>
          </reporter-output>
        </test-method> <!-- close -->
      </class> <!-- testcases.TestLogIn -->
    </test> <!-- Default test -->
  </suite> <!-- Default suite -->
</testng-results>
