<?xml version="1.0" encoding="UTF-8"?>
<!-- Generated by org.testng.reporters.JUnitXMLReporter -->
<testsuite ignored="2" hostname="DESKTOP-P1LJ2GU" failures="0" tests="1" name="Default test(failed)" time="0.031" errors="0" timestamp="2021-07-12T23:19:14 EDT">
  <testcase classname="Pac1.MultipleTestCases" name="c_test" time="0.016"/>
  <testcase classname="Pac1.MultipleTestCases" name="b_test" time="0.0">
    <ignored/>
  </testcase> <!-- b_test -->
  <testcase classname="Pac1.MultipleTestCases" name="a_test" time="0.0">
    <ignored/>
  </testcase> <!-- a_test -->
</testsuite> <!-- Default test(failed) -->
