<?xml version="1.0" encoding="UTF-8"?>
<testng-results ignored="0" total="4" passed="3" failed="0" skipped="1">
  <reporter-output>
    <line>
      <![CDATA[driver got closed after testing]]>
    </line>
  </reporter-output>
  <suite started-at="2021-07-20T00:36:49 EDT" name="Default suite" finished-at="2021-07-20T00:36:51 EDT" duration-ms="2157">
    <groups>
    </groups>
    <test started-at="2021-07-20T00:36:49 EDT" name="Default test" finished-at="2021-07-20T00:36:51 EDT" duration-ms="2157">
      <class name="NewTest">
        <test-method is-config="true" signature="launchBrowser()[pri:0, instance:NewTest@8519cb4]" started-at="2021-07-20T00:36:49 EDT" name="launchBrowser" finished-at="2021-07-20T00:36:51 EDT" duration-ms="1989" status="PASS">
          <reporter-output>
          </reporter-output>
        </test-method> <!-- launchBrowser -->
        <test-method signature="accoutTest()[pri:0, instance:NewTest@8519cb4]" started-at="2021-07-20T00:36:51 EDT" name="accoutTest" finished-at="2021-07-20T00:36:51 EDT" duration-ms="7" status="PASS">
          <reporter-output>
          </reporter-output>
        </test-method> <!-- accoutTest -->
        <test-method signature="closeBrowser()[pri:0, instance:NewTest@8519cb4]" started-at="2021-07-20T00:36:51 EDT" name="closeBrowser" finished-at="2021-07-20T00:36:51 EDT" duration-ms="71" status="PASS">
          <reporter-output>
            <line>
              <![CDATA[driver got closed after testing]]>
            </line>
          </reporter-output>
        </test-method> <!-- closeBrowser -->
        <test-method signature="openBrowser()[pri:0, instance:NewTest@8519cb4]" started-at="2021-07-20T00:36:51 EDT" name="openBrowser" finished-at="2021-07-20T00:36:51 EDT" duration-ms="71" status="PASS">
          <reporter-output>
          </reporter-output>
        </test-method> <!-- openBrowser -->
        <test-method signature="skipTest()[pri:0, instance:NewTest@8519cb4]" started-at="2021-07-20T00:36:51 EDT" name="skipTest" finished-at="2021-07-20T00:36:51 EDT" duration-ms="0" status="SKIP">
          <exception class="org.testng.SkipException">
            <message>
              <![CDATA[Skipping this test method]]>
            </message>
            <full-stacktrace>
              <![CDATA[org.testng.SkipException: Skipping this test method
at NewTest.skipTest(NewTest.java:53)
at java.base/jdk.internal.reflect.NativeMethodAccessorImpl.invoke0(Native Method)
at java.base/jdk.internal.reflect.NativeMethodAccessorImpl.invoke(NativeMethodAccessorImpl.java:62)
at java.base/jdk.internal.reflect.DelegatingMethodAccessorImpl.invoke(DelegatingMethodAccessorImpl.java:43)
at java.base/java.lang.reflect.Method.invoke(Method.java:566)
at org.testng.internal.MethodInvocationHelper.invokeMethod(MethodInvocationHelper.java:133)
at org.testng.internal.TestInvoker.invokeMethod(TestInvoker.java:598)
at org.testng.internal.TestInvoker.invokeTestMethod(TestInvoker.java:173)
at org.testng.internal.MethodRunner.runInSequence(MethodRunner.java:46)
at org.testng.internal.TestInvoker$MethodInvocationAgent.invoke(TestInvoker.java:824)
at org.testng.internal.TestInvoker.invokeTestMethods(TestInvoker.java:146)
at org.testng.internal.TestMethodWorker.invokeTestMethods(TestMethodWorker.java:146)
at org.testng.internal.TestMethodWorker.run(TestMethodWorker.java:128)
at java.base/java.util.ArrayList.forEach(ArrayList.java:1541)
at org.testng.TestRunner.privateRun(TestRunner.java:794)
at org.testng.TestRunner.run(TestRunner.java:596)
at org.testng.SuiteRunner.runTest(SuiteRunner.java:377)
at org.testng.SuiteRunner.runSequentially(SuiteRunner.java:371)
at org.testng.SuiteRunner.privateRun(SuiteRunner.java:332)
at org.testng.SuiteRunner.run(SuiteRunner.java:276)
at org.testng.SuiteRunnerWorker.runSuite(SuiteRunnerWorker.java:53)
at org.testng.SuiteRunnerWorker.run(SuiteRunnerWorker.java:96)
at org.testng.TestNG.runSuitesSequentially(TestNG.java:1212)
at org.testng.TestNG.runSuitesLocally(TestNG.java:1134)
at org.testng.TestNG.runSuites(TestNG.java:1063)
at org.testng.TestNG.run(TestNG.java:1031)
at org.testng.remote.AbstractRemoteTestNG.run(AbstractRemoteTestNG.java:115)
at org.testng.remote.RemoteTestNG.initAndRun(RemoteTestNG.java:251)
at org.testng.remote.RemoteTestNG.main(RemoteTestNG.java:77)
]]>
            </full-stacktrace>
          </exception> <!-- org.testng.SkipException -->
          <reporter-output>
          </reporter-output>
        </test-method> <!-- skipTest -->
      </class> <!-- NewTest -->
    </test> <!-- Default test -->
  </suite> <!-- Default suite -->
</testng-results>
