<?xml version="1.0" encoding="UTF-8"?>
<!-- Generated by org.testng.reporters.JUnitXMLReporter -->
<testsuite ignored="3" hostname="DESKTOP-P1LJ2GU" failures="0" tests="1" name="Test" time="0.016" errors="0" timestamp="2021-07-19T23:20:24 EDT">
  <testcase classname="Pac1.TestNgGroups" name="testMethod2" time="0.0"/>
  <testcase classname="Pac1.TestNgGroups" name="testMethod3" time="0.0">
    <ignored/>
  </testcase> <!-- testMethod3 -->
  <testcase classname="Pac1.TestNgGroups" name="testMethod1" time="0.0">
    <ignored/>
  </testcase> <!-- testMethod1 -->
  <testcase classname="Pac1.TestNgGroups" name="testMethod4" time="0.0">
    <ignored/>
  </testcase> <!-- testMethod4 -->
</testsuite> <!-- Test -->
