<?xml version="1.0" encoding="UTF-8"?>
<!-- Generated by org.testng.reporters.JUnitXMLReporter -->
<testsuite ignored="0" hostname="DESKTOP-P1LJ2GU" failures="0" tests="4" name="Default test" time="2.157" errors="0" timestamp="2021-07-20T00:36:51 EDT">
  <testcase classname="NewTest" name="accoutTest" time="0.007"/>
  <testcase classname="NewTest" name="closeBrowser" time="0.071"/>
  <testcase classname="NewTest" name="openBrowser" time="0.071"/>
  <testcase classname="NewTest" name="skipTest" time="0.0">
    <skipped/>
  </testcase> <!-- skipTest -->
</testsuite> <!-- Default test -->
